<?xml version="1.0" encoding="UTF-8"?>
<!-- Generated by org.testng.reporters.JUnitXMLReporter -->
<testsuite ignored="19" hostname="DESKTOP-BPUJLE2" failures="1" tests="1" name="Default test" time="19.191" errors="0" timestamp="2024-10-02T11:59:10 ICT">
  <testcase classname="automation.testsuite.BAT_FooterTest" name="verifyContactMuahang" time="4.461">
    <failure type="org.openqa.selenium.NoAlertPresentException" message="no such alert
  (Session info: chrome=129.0.6668.72)
Build info: version: &amp;apos;4.11.0&amp;apos;, revision: &amp;apos;040bc5406b&amp;apos;
System info: os.name: &amp;apos;Windows 11&amp;apos;, os.arch: &amp;apos;amd64&amp;apos;, os.version: &amp;apos;10.0&amp;apos;, java.version: &amp;apos;22.0.1&amp;apos;
Driver info: org.openqa.selenium.chrome.ChromeDriver
Command: [2796f4d9f115fb6d2754cd65e2280ab6, getAlertText {}]
Capabilities {acceptInsecureCerts: false, browserName: chrome, browserVersion: 129.0.6668.72, chrome: {chromedriverVersion: 129.0.6668.58 (81a06fb873a9..., userDataDir: C:\Users\DELL\AppData\Local...}, fedcm:accounts: true, goog:chromeOptions: {debuggerAddress: localhost:60332}, networkConnectionEnabled: false, pageLoadStrategy: normal, platformName: windows, proxy: Proxy(), se:cdp: ws://localhost:60332/devtoo..., se:cdpVersion: 129.0.6668.72, setWindowRect: true, strictFileInteractability: false, timeouts: {implicit: 0, pageLoad: 300000, script: 30000}, unhandledPromptBehavior: dismiss and notify, webauthn:extension:credBlob: true, webauthn:extension:largeBlob: true, webauthn:extension:minPinLength: true, webauthn:extension:prf: true, webauthn:virtualAuthenticators: true}
Session ID: 2796f4d9f115fb6d2754cd65e2280ab6">
      <![CDATA[org.openqa.selenium.NoAlertPresentException: no such alert
  (Session info: chrome=129.0.6668.72)
Build info: version: '4.11.0', revision: '040bc5406b'
System info: os.name: 'Windows 11', os.arch: 'amd64', os.version: '10.0', java.version: '22.0.1'
Driver info: org.openqa.selenium.chrome.ChromeDriver
Command: [2796f4d9f115fb6d2754cd65e2280ab6, getAlertText {}]
Capabilities {acceptInsecureCerts: false, browserName: chrome, browserVersion: 129.0.6668.72, chrome: {chromedriverVersion: 129.0.6668.58 (81a06fb873a9..., userDataDir: C:\Users\DELL\AppData\Local...}, fedcm:accounts: true, goog:chromeOptions: {debuggerAddress: localhost:60332}, networkConnectionEnabled: false, pageLoadStrategy: normal, platformName: windows, proxy: Proxy(), se:cdp: ws://localhost:60332/devtoo..., se:cdpVersion: 129.0.6668.72, setWindowRect: true, strictFileInteractability: false, timeouts: {implicit: 0, pageLoad: 300000, script: 30000}, unhandledPromptBehavior: dismiss and notify, webauthn:extension:credBlob: true, webauthn:extension:largeBlob: true, webauthn:extension:minPinLength: true, webauthn:extension:prf: true, webauthn:virtualAuthenticators: true}
Session ID: 2796f4d9f115fb6d2754cd65e2280ab6
at java.base/jdk.internal.reflect.DirectConstructorHandleAccessor.newInstance(DirectConstructorHandleAccessor.java:62)
at java.base/java.lang.reflect.Constructor.newInstanceWithCaller(Constructor.java:502)
at java.base/java.lang.reflect.Constructor.newInstance(Constructor.java:486)
at org.openqa.selenium.remote.codec.w3c.W3CHttpResponseCodec.createException(W3CHttpResponseCodec.java:200)
at org.openqa.selenium.remote.codec.w3c.W3CHttpResponseCodec.decode(W3CHttpResponseCodec.java:133)
at org.openqa.selenium.remote.codec.w3c.W3CHttpResponseCodec.decode(W3CHttpResponseCodec.java:52)
at org.openqa.selenium.remote.HttpCommandExecutor.execute(HttpCommandExecutor.java:191)
at org.openqa.selenium.remote.service.DriverCommandExecutor.invokeExecute(DriverCommandExecutor.java:196)
at org.openqa.selenium.remote.service.DriverCommandExecutor.execute(DriverCommandExecutor.java:171)
at org.openqa.selenium.remote.RemoteWebDriver.execute(RemoteWebDriver.java:518)
at org.openqa.selenium.remote.RemoteWebDriver.execute(RemoteWebDriver.java:591)
at org.openqa.selenium.remote.RemoteWebDriver.execute(RemoteWebDriver.java:595)
at org.openqa.selenium.remote.RemoteWebDriver$RemoteTargetLocator.alert(RemoteWebDriver.java:1107)
at automation.testsuite.BAT_FooterTest.verifyContactMuahang(BAT_FooterTest.java:248)
at java.base/jdk.internal.reflect.DirectMethodHandleAccessor.invoke(DirectMethodHandleAccessor.java:103)
at java.base/java.lang.reflect.Method.invoke(Method.java:580)
at org.testng.internal.MethodInvocationHelper.invokeMethod(MethodInvocationHelper.java:133)
at org.testng.internal.TestInvoker.invokeMethod(TestInvoker.java:598)
at org.testng.internal.TestInvoker.invokeTestMethod(TestInvoker.java:173)
at org.testng.internal.MethodRunner.runInSequence(MethodRunner.java:46)
at org.testng.internal.TestInvoker$MethodInvocationAgent.invoke(TestInvoker.java:824)
at org.testng.internal.TestInvoker.invokeTestMethods(TestInvoker.java:146)
at org.testng.internal.TestMethodWorker.invokeTestMethods(TestMethodWorker.java:146)
at org.testng.internal.TestMethodWorker.run(TestMethodWorker.java:128)
at java.base/java.util.ArrayList.forEach(ArrayList.java:1597)
at org.testng.TestRunner.privateRun(TestRunner.java:794)
at org.testng.TestRunner.run(TestRunner.java:596)
at org.testng.SuiteRunner.runTest(SuiteRunner.java:377)
at org.testng.SuiteRunner.runSequentially(SuiteRunner.java:371)
at org.testng.SuiteRunner.privateRun(SuiteRunner.java:332)
at org.testng.SuiteRunner.run(SuiteRunner.java:276)
at org.testng.SuiteRunnerWorker.runSuite(SuiteRunnerWorker.java:53)
at org.testng.SuiteRunnerWorker.run(SuiteRunnerWorker.java:96)
at org.testng.TestNG.runSuitesSequentially(TestNG.java:1212)
at org.testng.TestNG.runSuitesLocally(TestNG.java:1134)
at org.testng.TestNG.runSuites(TestNG.java:1063)
at org.testng.TestNG.run(TestNG.java:1031)
at org.testng.remote.AbstractRemoteTestNG.run(AbstractRemoteTestNG.java:115)
at org.testng.remote.RemoteTestNG.initAndRun(RemoteTestNG.java:293)
at org.testng.remote.RemoteTestNG.main(RemoteTestNG.java:91)
]]>
    </failure>
  </testcase> <!-- verifyContactMuahang -->
  <testcase classname="automation.testsuite.BAT_FooterTest" name="verifyNavigateBepTuPage" time="0.0">
    <ignored/>
  </testcase> <!-- verifyNavigateBepTuPage -->
  <testcase classname="automation.testsuite.BAT_FooterTest" name="verifyNavigateLienHePage" time="0.0">
    <ignored/>
  </testcase> <!-- verifyNavigateLienHePage -->
  <testcase classname="automation.testsuite.BAT_FooterTest" name="verifyNavigateMayHutMuiPage" time="0.0">
    <ignored/>
  </testcase> <!-- verifyNavigateMayHutMuiPage -->
  <testcase classname="automation.testsuite.BAT_FooterTest" name="verifyNavigateHuongDanDatHangPage" time="0.0">
    <ignored/>
  </testcase> <!-- verifyNavigateHuongDanDatHangPage -->
  <testcase classname="automation.testsuite.BAT_FooterTest" name="verifyNavigateBepDienTuPage" time="0.0">
    <ignored/>
  </testcase> <!-- verifyNavigateBepDienTuPage -->
  <testcase classname="automation.testsuite.BAT_FooterTest" name="verifyNavigateYoutubePage" time="0.0">
    <ignored/>
  </testcase> <!-- verifyNavigateYoutubePage -->
  <testcase classname="automation.testsuite.BAT_FooterTest" name="verifyNavigateBepDienPage" time="0.0">
    <ignored/>
  </testcase> <!-- verifyNavigateBepDienPage -->
  <testcase classname="automation.testsuite.BAT_FooterTest" name="verifyNavigateChinhSachVanChuyenPage" time="0.0">
    <ignored/>
  </testcase> <!-- verifyNavigateChinhSachVanChuyenPage -->
  <testcase classname="automation.testsuite.BAT_FooterTest" name="verifyNavigateChinhSachBaoHanhPage" time="0.0">
    <ignored/>
  </testcase> <!-- verifyNavigateChinhSachBaoHanhPage -->
  <testcase classname="automation.testsuite.BAT_FooterTest" name="verifyNavigateChinhSachBaoMatPage" time="0.0">
    <ignored/>
  </testcase> <!-- verifyNavigateChinhSachBaoMatPage -->
  <testcase classname="automation.testsuite.BAT_FooterTest" name="verifyNavigateMayRuaChenPage" time="0.0">
    <ignored/>
  </testcase> <!-- verifyNavigateMayRuaChenPage -->
  <testcase classname="automation.testsuite.BAT_FooterTest" name="verifyNavigateChinhSachThanhToanPage" time="0.0">
    <ignored/>
  </testcase> <!-- verifyNavigateChinhSachThanhToanPage -->
  <testcase classname="automation.testsuite.BAT_FooterTest" name="verifyNavigateGioiThieuPage" time="0.0">
    <ignored/>
  </testcase> <!-- verifyNavigateGioiThieuPage -->
  <testcase classname="automation.testsuite.BAT_FooterTest" name="verifyNavigateChinhSachBaoDuongLapDatPage" time="0.0">
    <ignored/>
  </testcase> <!-- verifyNavigateChinhSachBaoDuongLapDatPage -->
  <testcase classname="automation.testsuite.BAT_FooterTest" name="verifyNavigateFacebookPage" time="0.0">
    <ignored/>
  </testcase> <!-- verifyNavigateFacebookPage -->
  <testcase classname="automation.testsuite.BAT_FooterTest" name="verifyNavigateChinhSachGiaoHangPage" time="0.0">
    <ignored/>
  </testcase> <!-- verifyNavigateChinhSachGiaoHangPage -->
  <testcase classname="automation.testsuite.BAT_FooterTest" name="verifyNavigateZaloChat" time="0.0">
    <ignored/>
  </testcase> <!-- verifyNavigateZaloChat -->
  <testcase classname="automation.testsuite.BAT_FooterTest" name="verifyNavigateTinTucPage" time="0.0">
    <ignored/>
  </testcase> <!-- verifyNavigateTinTucPage -->
  <testcase classname="automation.testsuite.BAT_FooterTest" name="verifyNavigateChinhSachDoiTraPage" time="0.0">
    <ignored/>
  </testcase> <!-- verifyNavigateChinhSachDoiTraPage -->
</testsuite> <!-- Default test -->
