<?xml version="1.0" encoding="UTF-8"?>
<testng-results ignored="0" total="1" passed="1" failed="0" skipped="0">
  <reporter-output>
  </reporter-output>
  <suite started-at="2024-08-17T17:00:11 ICT" name="Default suite" finished-at="2024-08-17T17:00:28 ICT" duration-ms="16856">
    <groups>
    </groups>
    <test started-at="2024-08-17T17:00:11 ICT" name="Default test" finished-at="2024-08-17T17:00:28 ICT" duration-ms="16856">
      <class name="automation.testsuite.Day12_BTVN_dropdownlist">
        <test-method is-config="true" signature="openChrome()[pri:0, instance:automation.testsuite.Day12_BTVN_dropdownlist@71ba6d4e]" started-at="2024-08-17T17:00:11 ICT" name="openChrome" finished-at="2024-08-17T17:00:18 ICT" duration-ms="6932" status="PASS">
          <reporter-output>
          </reporter-output>
        </test-method> <!-- openChrome -->
        <test-method signature="Case1_DropdownlistCountry()[pri:0, instance:automation.testsuite.Day12_BTVN_dropdownlist@71ba6d4e]" started-at="2024-08-17T17:00:18 ICT" name="Case1_DropdownlistCountry" finished-at="2024-08-17T17:00:27 ICT" duration-ms="9010" status="PASS">
          <reporter-output>
          </reporter-output>
        </test-method> <!-- Case1_DropdownlistCountry -->
        <test-method is-config="true" signature="closeBrowser()[pri:0, instance:automation.testsuite.Day12_BTVN_dropdownlist@71ba6d4e]" started-at="2024-08-17T17:00:27 ICT" name="closeBrowser" finished-at="2024-08-17T17:00:28 ICT" duration-ms="838" status="PASS">
          <reporter-output>
          </reporter-output>
        </test-method> <!-- closeBrowser -->
      </class> <!-- automation.testsuite.Day12_BTVN_dropdownlist -->
    </test> <!-- Default test -->
  </suite> <!-- Default suite -->
</testng-results>
