<?xml version="1.0" encoding="UTF-8"?>
<testng-results ignored="0" total="1" passed="1" failed="0" skipped="0">
  <reporter-output>
  </reporter-output>
  <suite started-at="2024-08-21T21:51:49 WIB" name="Default suite" finished-at="2024-08-21T21:51:57 WIB" duration-ms="8844">
    <groups>
    </groups>
    <test started-at="2024-08-21T21:51:49 WIB" name="Default test" finished-at="2024-08-21T21:51:57 WIB" duration-ms="8844">
      <class name="automation.testsuite.LogoutestFactory">
        <test-method is-config="true" signature="openFirefox()[pri:0, instance:automation.testsuite.LogoutestFactory@2d7275fc]" started-at="2024-08-21T21:51:49 WIB" name="openFirefox" finished-at="2024-08-21T21:51:53 WIB" duration-ms="3996" status="PASS">
          <reporter-output>
          </reporter-output>
        </test-method> <!-- openFirefox -->
        <test-method signature="logoutSuccessfully()[pri:0, instance:automation.testsuite.LogoutestFactory@2d7275fc]" started-at="2024-08-21T21:51:53 WIB" name="logoutSuccessfully" finished-at="2024-08-21T21:51:57 WIB" duration-ms="4823" status="PASS">
          <reporter-output>
          </reporter-output>
        </test-method> <!-- logoutSuccessfully -->
      </class> <!-- automation.testsuite.LogoutestFactory -->
    </test> <!-- Default test -->
  </suite> <!-- Default suite -->
</testng-results>
