<?xml version="1.0" encoding="UTF-8"?>
<!-- Generated by org.testng.reporters.JUnitXMLReporter -->
<testsuite ignored="0" hostname="DESKTOP-BPUJLE2" failures="0" tests="2" name="Regression test test suite on edge" time="35.555" errors="0" timestamp="2024-09-18T14:49:23 ICT">
  <testcase classname="automation.testsuite.BTVN1_Day18" name="verifyZaloChatFunction" time="4.467"/>
  <testcase classname="automation.testsuite.BTVN2_Day18" name="verifyMessageChatFunction" time="4.969"/>
</testsuite> <!-- Regression test test suite on edge -->
