<?xml version="1.0" encoding="UTF-8"?>
<!-- Generated by org.testng.reporters.JUnitXMLReporter -->
<testsuite ignored="0" hostname="DESKTOP-BPUJLE2" failures="0" tests="2" name="Regression test test suite on firefox" time="45.794" errors="0" timestamp="2024-09-18T14:48:47 ICT">
  <testcase classname="automation.testsuite.BTVN1_Day18" name="verifyZaloChatFunction" time="3.834"/>
  <testcase classname="automation.testsuite.BTVN2_Day18" name="verifyMessageChatFunction" time="4.05"/>
</testsuite> <!-- Regression test test suite on firefox -->
