<?xml version="1.0" encoding="UTF-8"?>
<!-- Generated by org.testng.reporters.JUnitXMLReporter -->
<testsuite ignored="0" hostname="DESKTOP-BPUJLE2" failures="0" tests="2" name="Regression test test suite on chrome" time="29.179" errors="0" timestamp="2024-09-18T14:48:01 ICT">
  <testcase classname="automation.testsuite.BTVN1_Day18" name="verifyZaloChatFunction" time="9.763"/>
  <testcase classname="automation.testsuite.BTVN2_Day18" name="verifyMessageChatFunction" time="4.586"/>
</testsuite> <!-- Regression test test suite on chrome -->
